<?xml version="1.0" encoding="UTF-8"?>
<coverage generated="1582280012014" clover="3.2.0">
  <project timestamp="1582280012014" name="All files">
    <metrics statements="15" coveredstatements="14" conditionals="14" coveredconditionals="9" methods="6" coveredmethods="6" elements="35" coveredelements="29" complexity="0" loc="15" ncloc="15" packages="1" files="1" classes="1"/>
    <file name="seeder.ts" path="/Users/jtaylor/Code/src/github.com/elegantdevelopment/aws-cdk-dynamodb-seeder/src/seeder.ts">
      <metrics statements="15" coveredstatements="14" conditionals="14" coveredconditionals="9" methods="6" coveredmethods="6"/>
      <line num="1" count="1" type="stmt"/>
      <line num="3" count="1" type="stmt"/>
      <line num="4" count="1" type="stmt"/>
      <line num="32" count="1" type="stmt"/>
      <line num="35" count="2" type="stmt"/>
      <line num="36" count="2" type="cond" truecount="4" falsecount="0"/>
      <line num="37" count="1" type="cond" truecount="2" falsecount="2"/>
      <line num="38" count="0" type="stmt"/>
      <line num="39" count="1" type="stmt"/>
      <line num="40" count="1" type="stmt"/>
      <line num="46" count="1" type="stmt"/>
      <line num="52" count="2" type="stmt"/>
      <line num="64" count="1" type="cond" truecount="1" falsecount="1"/>
      <line num="67" count="2" type="cond" truecount="1" falsecount="1"/>
      <line num="70" count="1" type="stmt"/>
    </file>
  </project>
</coverage>
