{"/Users/jtaylor/Code/src/github.com/elegantdevelopment/aws-cdk-dynamodb-seeder/src/seeder.ts": {"path":"/Users/jtaylor/Code/src/github.com/elegantdevelopment/aws-cdk-dynamodb-seeder/src/seeder.ts","statementMap":{"0":{"start":{"line":1,"column":0},"end":{"line":1,"column":42}},"1":{"start":{"line":3,"column":0},"end":{"line":3,"column":62}},"2":{"start":{"line":4,"column":0},"end":{"line":4,"column":88}},"3":{"start":{"line":35,"column":4},"end":{"line":35,"column":21}},"4":{"start":{"line":36,"column":4},"end":{"line":36,"column":117}},"5":{"start":{"line":36,"column":53},"end":{"line":36,"column":117}},"6":{"start":{"line":37,"column":4},"end":{"line":38,"column":86}},"7":{"start":{"line":38,"column":6},"end":{"line":38,"column":86}},"8":{"start":{"line":39,"column":4},"end":{"line":39,"column":23}},"9":{"start":{"line":40,"column":4},"end":{"line":43,"column":7}},"10":{"start":{"line":46,"column":4},"end":{"line":60,"column":null}},"11":{"start":{"line":52,"column":14},"end":{"line":56,"column":16}},"12":{"start":{"line":64,"column":4},"end":{"line":64,"column":49}},"13":{"start":{"line":67,"column":4},"end":{"line":67,"column":43}},"14":{"start":{"line":70,"column":4},"end":{"line":75,"column":6}},"15":{"start":{"line":32,"column":0},"end":{"line":32,"column":13}}},"fnMap":{"0":{"name":"(anonymous_0)","decl":{"start":{"line":34,"column":2},"end":{"line":34,"column":14}},"loc":{"start":{"line":34,"column":56},"end":{"line":44,"column":3}}},"1":{"name":"(anonymous_1)","decl":{"start":{"line":45,"column":10},"end":{"line":45,"column":20}},"loc":{"start":{"line":45,"column":31},"end":{"line":62,"column":3}}},"2":{"name":"(anonymous_2)","decl":{"start":{"line":51,"column":12},"end":{"line":51,"column":13}},"loc":{"start":{"line":51,"column":51},"end":{"line":57,"column":13}}},"3":{"name":"(anonymous_3)","decl":{"start":{"line":63,"column":10},"end":{"line":63,"column":30}},"loc":{"start":{"line":63,"column":41},"end":{"line":65,"column":3}}},"4":{"name":"(anonymous_4)","decl":{"start":{"line":66,"column":10},"end":{"line":66,"column":32}},"loc":{"start":{"line":66,"column":43},"end":{"line":68,"column":3}}},"5":{"name":"(anonymous_5)","decl":{"start":{"line":69,"column":12},"end":{"line":69,"column":29}},"loc":{"start":{"line":69,"column":29},"end":{"line":76,"column":3}}}},"branchMap":{"0":{"loc":{"start":{"line":36,"column":4},"end":{"line":36,"column":117}},"type":"if","locations":[{"start":{"line":36,"column":4},"end":{"line":36,"column":117}},{"start":{"line":36,"column":4},"end":{"line":36,"column":117}}]},"1":{"loc":{"start":{"line":36,"column":8},"end":{"line":36,"column":20}},"type":"binary-expr","locations":[{"start":{"line":36,"column":8},"end":{"line":36,"column":20}},{"start":{"line":36,"column":24},"end":{"line":36,"column":51}}]},"2":{"loc":{"start":{"line":37,"column":4},"end":{"line":38,"column":86}},"type":"if","locations":[{"start":{"line":37,"column":4},"end":{"line":38,"column":86}},{"start":{"line":37,"column":4},"end":{"line":38,"column":86}}]},"3":{"loc":{"start":{"line":37,"column":8},"end":{"line":37,"column":22}},"type":"binary-expr","locations":[{"start":{"line":37,"column":8},"end":{"line":37,"column":22}},{"start":{"line":37,"column":26},"end":{"line":37,"column":56}}]},"4":{"loc":{"start":{"line":42,"column":33},"end":{"line":42,"column":58}},"type":"cond-expr","locations":[{"start":{"line":42,"column":33},"end":{"line":42,"column":58}},{"start":{"line":42,"column":61},"end":{"line":42,"column":70}}]},"5":{"loc":{"start":{"line":64,"column":28},"end":{"line":64,"column":35}},"type":"cond-expr","locations":[{"start":{"line":64,"column":28},"end":{"line":64,"column":35}},{"start":{"line":64,"column":38},"end":{"line":64,"column":48}}]},"6":{"loc":{"start":{"line":67,"column":28},"end":{"line":67,"column":34}},"type":"cond-expr","locations":[{"start":{"line":67,"column":28},"end":{"line":67,"column":34}},{"start":{"line":67,"column":37},"end":{"line":67,"column":42}}]}},"s":{"0":1,"1":1,"2":1,"3":2,"4":2,"5":1,"6":1,"7":0,"8":1,"9":1,"10":1,"11":2,"12":1,"13":2,"14":1,"15":1},"f":{"0":2,"1":1,"2":2,"3":1,"4":2,"5":1},"b":{"0":[1,1],"1":[2,1],"2":[0,1],"3":[1,0],"4":[0,1],"5":[1,0],"6":[2,0]}}
}
