{"/Users/jtaylor/Code/src/github.com/elegantdevelopment/aws-cdk-dynamodb-seeder/src/seeder.ts": {"path":"/Users/jtaylor/Code/src/github.com/elegantdevelopment/aws-cdk-dynamodb-seeder/src/seeder.ts","statementMap":{"0":{"start":{"line":1,"column":0},"end":{"line":1,"column":42}},"1":{"start":{"line":3,"column":0},"end":{"line":3,"column":62}},"2":{"start":{"line":4,"column":0},"end":{"line":4,"column":88}},"3":{"start":{"line":24,"column":4},"end":{"line":24,"column":21}},"4":{"start":{"line":25,"column":4},"end":{"line":25,"column":23}},"5":{"start":{"line":26,"column":4},"end":{"line":29,"column":7}},"6":{"start":{"line":32,"column":4},"end":{"line":38,"column":null}},"7":{"start":{"line":42,"column":4},"end":{"line":47,"column":6}},"8":{"start":{"line":50,"column":4},"end":{"line":51,"column":118}},"9":{"start":{"line":50,"column":34},"end":{"line":50,"column":48}},"10":{"start":{"line":51,"column":9},"end":{"line":51,"column":118}},"11":{"start":{"line":51,"column":35},"end":{"line":51,"column":118}},"12":{"start":{"line":52,"column":4},"end":{"line":58,"column":7}},"13":{"start":{"line":53,"column":6},"end":{"line":57,"column":8}},"14":{"start":{"line":21,"column":0},"end":{"line":21,"column":13}}},"fnMap":{"0":{"name":"(anonymous_0)","decl":{"start":{"line":23,"column":2},"end":{"line":23,"column":14}},"loc":{"start":{"line":23,"column":56},"end":{"line":30,"column":3}}},"1":{"name":"(anonymous_1)","decl":{"start":{"line":31,"column":12},"end":{"line":31,"column":20}},"loc":{"start":{"line":31,"column":20},"end":{"line":40,"column":3}}},"2":{"name":"(anonymous_2)","decl":{"start":{"line":41,"column":12},"end":{"line":41,"column":29}},"loc":{"start":{"line":41,"column":29},"end":{"line":48,"column":3}}},"3":{"name":"(anonymous_3)","decl":{"start":{"line":49,"column":12},"end":{"line":49,"column":29}},"loc":{"start":{"line":49,"column":39},"end":{"line":59,"column":3}}},"4":{"name":"(anonymous_4)","decl":{"start":{"line":52,"column":20},"end":{"line":52,"column":21}},"loc":{"start":{"line":52,"column":55},"end":{"line":58,"column":5}}}},"branchMap":{"0":{"loc":{"start":{"line":50,"column":4},"end":{"line":51,"column":118}},"type":"if","locations":[{"start":{"line":50,"column":4},"end":{"line":51,"column":118}},{"start":{"line":50,"column":4},"end":{"line":51,"column":118}}]},"1":{"loc":{"start":{"line":51,"column":9},"end":{"line":51,"column":118}},"type":"if","locations":[{"start":{"line":51,"column":9},"end":{"line":51,"column":118}},{"start":{"line":51,"column":9},"end":{"line":51,"column":118}}]}},"s":{"0":1,"1":1,"2":1,"3":2,"4":2,"5":2,"6":2,"7":2,"8":2,"9":1,"10":1,"11":1,"12":1,"13":1,"14":1},"f":{"0":2,"1":2,"2":2,"3":2,"4":1},"b":{"0":[1,1],"1":[1,0]}}
}
