TN:
SF:src/seeder.ts
FN:34,(anonymous_0)
FN:45,(anonymous_1)
FN:51,(anonymous_2)
FN:63,(anonymous_3)
FN:66,(anonymous_4)
FN:69,(anonymous_5)
FNF:6
FNH:6
FNDA:2,(anonymous_0)
FNDA:1,(anonymous_1)
FNDA:2,(anonymous_2)
FNDA:1,(anonymous_3)
FNDA:2,(anonymous_4)
FNDA:1,(anonymous_5)
DA:1,1
DA:3,1
DA:4,1
DA:32,1
DA:35,2
DA:36,2
DA:37,1
DA:38,0
DA:39,1
DA:40,1
DA:46,1
DA:52,2
DA:64,1
DA:67,2
DA:70,1
LF:15
LH:14
BRDA:36,0,0,1
BRDA:36,0,1,1
BRDA:36,1,0,2
BRDA:36,1,1,1
BRDA:37,2,0,0
BRDA:37,2,1,1
BRDA:37,3,0,1
BRDA:37,3,1,0
BRDA:42,4,0,0
BRDA:42,4,1,1
BRDA:64,5,0,1
BRDA:64,5,1,0
BRDA:67,6,0,2
BRDA:67,6,1,0
BRF:14
BRH:9
end_of_record
